<?xml version="1.0" encoding="UTF-8"?>
<!-- Generated by org.testng.reporters.JUnitXMLReporter -->
<testsuite ignored="0" hostname="WIN-K2LCM6S2MEQ" failures="1" tests="2" name="Test" time="17.24" errors="0" timestamp="2021-11-29T13:07:29 IST">
  <testcase classname="testNGdemo.GoogleTitle" name="checktitle" time="0.019">
    <failure type="java.lang.AssertionError" message="expected [google] but found [Google]">
      <![CDATA[java.lang.AssertionError: expected [google] but found [Google]
at testNGdemo.GoogleTitle.checktitle(GoogleTitle.java:27)
at java.base/java.util.ArrayList.forEach(ArrayList.java:1541)
... Removed 33 stack frames]]>
    </failure>
  </testcase> <!-- checktitle -->
  <testcase classname="testNGdemo.GoogleTitle" name="checklogo" time="0.046"/>
</testsuite> <!-- Test -->
